#!MLF#
a
a
k
s
i
o
n
a
k
o
s
o
a
k
t
o
s
a
k
w
e
r
d
o
a
d
e
m
a
s
a
d
m
i
n
i
s
t
r
a
a
d
b
j
e
r
t
e
n
a
x
e
n
s
i
a
a
x
i
t
o
a
g
w
a
a
g
w
a
s
a
g
u
d
o
a
i
a
o
r
a
a
l
a
l
k
a
n
s
e
a
l
k
o
o
l
a
l
g
o
r
i
t
m
o
a
l
g
j
en
a
l
g
u
n
a
s
a
l
g
u
n
o
a
l
g
u
n
o
s
a
l
i
m
e
n
t
o
s
a
l
t
a
a
m
b
o
s
a
m
o
r
a
n
a
l
i
s
a
r
a
n
i
m
a
l
e
s
a
n
t
e
s
a
n
t
i
g
u
o
s
a
p
r
e
n
d
e
r
a
p
r
e
n
d
i
s
a
x
e
a
p
r
o
p
i
a
d
o
a
k
e
l
a
k
i
a
r
k
o
i
r
i
s
a
r
t
i
k
u
l
o
s
a
r
t
i
s
t
a
a
t
e
n
s
i
o
n
a
w
d
a
s
a
w
n
k
e
a
w
s
t
e
r
i
d
a
d
a
w
s
t
r
a
l
i
a
n
o
s
a
w
t
o
k
o
n
k
l
u
s
i
b
a
s
a
w
t
o
m
a
t
i
k
o
a
w
t
o
r
i
d
a
d
e
s
a
b
e
n
t
u
r
a
s
a
j
u
d
a
a
j
u
d
a
r
a
n
a
s
u
k
a
r
a
d
a
s
a
ny
o
a
ny
o
s
b
a
x
o
s
b
a
n
d
e
r
a
b
a
s
a
d
o
b
e
b
i
d
a
s
b
i
k
a
r
b
o
n
a
t
o
b
j
e
n
b
i
o
g
r
a
f
i
a
b
i
r
d
b
l
a
s
f
e
m
i
a
b
o
l
s
i
j
o
s
b
u
e
n
a
s
k
a
d
a
k
a
l
e
n
t
a
m
j
e
n
t
o
k
a
n
s
e
r
k
a
n
t
i
d
a
d
k
a
p
a
s
k
a
r
b
o
n
k
a
s
a
k
a
s
i
k
a
s
o
s
e
l
s
i
u
s
s
e
l
u
l
a
r
tsh
r
i
s
s
i
e
n
t
i
f
i
k
a
s
i
e
n
t
i
f
i
k
o
s
s
i
u
d
a
d
e
s
k
l
a
r
a
s
k
l
a
b
e
k
o
l
e
k
s
i
o
n
k
o
m
e
m
o
s
k
o
m
e
n
s
e
m
o
s
k
o
m
e
n
s
a
r
k
o
m
o
k
o
m
p
o
r
t
a
m
j
e
n
t
o
k
o
m
p
r
a
s
k
o
m
p
r
o
k
o
m
u
n
i
k
a
r
s
e
k
o
n
k
o
n
d
e
n
a
k
o
n
d
e
n
a
n
k
o
n
e
k
t
a
r
t
e
k
o
n
f
u
s
a
k
o
n
s
u
m
i
d
o
r
e
s
k
o
n
t
a
k
t
a
r
k
o
n
t
e
s
t
e
k
o
n
t
r
a
k
o
n
